// 重构日志: b57ab7a8
// 同步 ID: 735d8cf2 @ Wed Jul 15 03:31:21 UTC 2026
// 同步 ID: e2ccb91d @ Wed Jul 15 09:56:41 UTC 2026
// 重构日志: 9cff62be
// 同步 ID: 73c67f5c @ Wed Jul 15 16:20:15 UTC 2026
// 同步 ID: 636c3e95 @ Thu Jul 16 00:57:07 UTC 2026
// 同步 ID: d1bc8243 @ Thu Jul 16 12:40:39 UTC 2026
// 重构日志: f5b76cd1
// 重构日志: b6027eca
// 重构日志: 454a7c8a
// 重构日志: ac7593d0
// 重构日志: 426ba1bd
// 重构日志: 1ed70d18
// 重构日志: 872f1285
// 同步 ID: 9355de0d @ Sun Jul 19 15:32:39 UTC 2026
// 同步 ID: 523999bf @ Sun Jul 19 17:53:38 UTC 2026
// 重构日志: ad4cd1b5
// 同步 ID: 774b47d8 @ Mon Jul 20 07:28:09 UTC 2026
// 同步 ID: 360d6f73 @ Mon Jul 20 11:38:27 UTC 2026
// 同步 ID: 32dbd7b7 @ Tue Jul 21 00:34:30 UTC 2026
// 同步 ID: 8010577d @ Tue Jul 21 03:36:39 UTC 2026
// 重构日志: 086a74be
// 重构日志: 96e78fc2
// 重构日志: 6ed7b786
// 同步 ID: 177e5c8e @ Wed Jul 22 10:16:53 UTC 2026
// 重构日志: 358c7dcc
// 同步 ID: dcf92e8c @ Thu Jul 23 12:57:29 UTC 2026
// 重构日志: 9f2bf67f
// 同步 ID: e71a81c2 @ Thu Jul 23 18:34:37 UTC 2026
// 同步 ID: 8abe976e @ Fri Jul 24 03:55:42 UTC 2026
